c:\users\tgoli\documents\github\fmi\oop\bankingsystemproject\bankingsystemproject\x64\debug\vc143.pdb
c:\users\tgoli\documents\github\fmi\oop\bankingsystemproject\bankingsystemproject\x64\debug\vc143.idb
c:\users\tgoli\documents\github\fmi\oop\bankingsystemproject\bankingsystemproject\x64\debug\user.obj
c:\users\tgoli\documents\github\fmi\oop\bankingsystemproject\bankingsystemproject\x64\debug\task.obj
c:\users\tgoli\documents\github\fmi\oop\bankingsystemproject\bankingsystemproject\x64\debug\employee.obj
c:\users\tgoli\documents\github\fmi\oop\bankingsystemproject\bankingsystemproject\x64\debug\controller.obj
c:\users\tgoli\documents\github\fmi\oop\bankingsystemproject\bankingsystemproject\x64\debug\client.obj
c:\users\tgoli\documents\github\fmi\oop\bankingsystemproject\bankingsystemproject\x64\debug\check.obj
c:\users\tgoli\documents\github\fmi\oop\bankingsystemproject\bankingsystemproject\x64\debug\bankingsystem.obj
c:\users\tgoli\documents\github\fmi\oop\bankingsystemproject\bankingsystemproject\x64\debug\bank.obj
c:\users\tgoli\documents\github\fmi\oop\bankingsystemproject\bankingsystemproject\x64\debug\account.obj
c:\users\tgoli\documents\github\fmi\oop\bankingsystemproject\bankingsystemproject\x64\debug\thirdpartyemployee.obj
c:\users\tgoli\documents\github\fmi\oop\bankingsystemproject\bankingsystemproject\x64\debug\bankingsystemproject.obj
c:\users\tgoli\documents\github\fmi\oop\bankingsystemproject\bankingsystemproject\x64\debug\bankingsystemproject.ilk
c:\users\tgoli\documents\github\fmi\oop\bankingsystemproject\x64\debug\bankingsystemproject.pdb
c:\users\tgoli\documents\github\fmi\oop\bankingsystemproject\x64\debug\bankingsystemproject.exe
c:\users\tgoli\documents\github\fmi\oop\bankingsystemproject\bankingsystemproject\x64\debug\bankings.eb844142.tlog\cl.command.1.tlog
c:\users\tgoli\documents\github\fmi\oop\bankingsystemproject\bankingsystemproject\x64\debug\bankings.eb844142.tlog\cl.items.tlog
c:\users\tgoli\documents\github\fmi\oop\bankingsystemproject\bankingsystemproject\x64\debug\bankings.eb844142.tlog\cl.read.1.tlog
c:\users\tgoli\documents\github\fmi\oop\bankingsystemproject\bankingsystemproject\x64\debug\bankings.eb844142.tlog\cl.write.1.tlog
c:\users\tgoli\documents\github\fmi\oop\bankingsystemproject\bankingsystemproject\x64\debug\bankings.eb844142.tlog\link.command.1.tlog
c:\users\tgoli\documents\github\fmi\oop\bankingsystemproject\bankingsystemproject\x64\debug\bankings.eb844142.tlog\link.read.1.tlog
c:\users\tgoli\documents\github\fmi\oop\bankingsystemproject\bankingsystemproject\x64\debug\bankings.eb844142.tlog\link.write.1.tlog
