c:\users\tgoli\source\repos\aes_cli_project\aes_cli_project\x64\debug\vc143.pdb
c:\users\tgoli\source\repos\aes_cli_project\aes_cli_project\x64\debug\vc143.idb
c:\users\tgoli\source\repos\aes_cli_project\aes_cli_project\x64\debug\matrices.obj
c:\users\tgoli\source\repos\aes_cli_project\aes_cli_project\x64\debug\aes_cli_project.obj
c:\users\tgoli\source\repos\aes_cli_project\x64\debug\aes_cli_project.pdb
c:\users\tgoli\source\repos\aes_cli_project\aes_cli_project\x64\debug\aes_cli_project.tlog\cl.command.1.tlog
c:\users\tgoli\source\repos\aes_cli_project\aes_cli_project\x64\debug\aes_cli_project.tlog\cl.items.tlog
c:\users\tgoli\source\repos\aes_cli_project\aes_cli_project\x64\debug\aes_cli_project.tlog\cl.read.1.tlog
c:\users\tgoli\source\repos\aes_cli_project\aes_cli_project\x64\debug\aes_cli_project.tlog\cl.write.1.tlog
c:\users\tgoli\source\repos\aes_cli_project\aes_cli_project\x64\debug\aes_cli_project.tlog\link-cvtres.read.1.tlog
c:\users\tgoli\source\repos\aes_cli_project\aes_cli_project\x64\debug\aes_cli_project.tlog\link-cvtres.write.1.tlog
c:\users\tgoli\source\repos\aes_cli_project\aes_cli_project\x64\debug\aes_cli_project.tlog\link-rc.read.1.tlog
c:\users\tgoli\source\repos\aes_cli_project\aes_cli_project\x64\debug\aes_cli_project.tlog\link-rc.write.1.tlog
c:\users\tgoli\source\repos\aes_cli_project\aes_cli_project\x64\debug\aes_cli_project.tlog\link.14328-cvtres.read.1.tlog
c:\users\tgoli\source\repos\aes_cli_project\aes_cli_project\x64\debug\aes_cli_project.tlog\link.14328-cvtres.write.1.tlog
c:\users\tgoli\source\repos\aes_cli_project\aes_cli_project\x64\debug\aes_cli_project.tlog\link.14328-rc.read.1.tlog
c:\users\tgoli\source\repos\aes_cli_project\aes_cli_project\x64\debug\aes_cli_project.tlog\link.14328-rc.write.1.tlog
c:\users\tgoli\source\repos\aes_cli_project\aes_cli_project\x64\debug\aes_cli_project.tlog\link.14328.read.1.tlog
c:\users\tgoli\source\repos\aes_cli_project\aes_cli_project\x64\debug\aes_cli_project.tlog\link.14328.read.2.tlog
c:\users\tgoli\source\repos\aes_cli_project\aes_cli_project\x64\debug\aes_cli_project.tlog\link.14328.write.1.tlog
c:\users\tgoli\source\repos\aes_cli_project\aes_cli_project\x64\debug\aes_cli_project.tlog\link.command.1.tlog
c:\users\tgoli\source\repos\aes_cli_project\aes_cli_project\x64\debug\aes_cli_project.tlog\link.read.1.tlog
c:\users\tgoli\source\repos\aes_cli_project\aes_cli_project\x64\debug\aes_cli_project.tlog\link.read.2.tlog
c:\users\tgoli\source\repos\aes_cli_project\aes_cli_project\x64\debug\aes_cli_project.tlog\link.write.1.tlog
